

============================== 2023-04-29 01:37:08.421386 | 90cfd1a4-604e-4a11-af07-9340be148315 ==============================
[0m01:37:08.421386 [info ] [MainThread]: Running with dbt=1.4.4
[0m01:37:08.422938 [debug] [MainThread]: running dbt with arguments {'write_json': True, 'use_colors': True, 'printer_width': 80, 'version_check': True, 'partial_parse': True, 'static_parser': True, 'profiles_dir': '/Users/ericjames/.dbt', 'send_anonymous_usage_stats': True, 'quiet': False, 'no_print': False, 'cache_selected_only': False, 'which': 'run', 'rpc_method': 'run', 'indirect_selection': 'eager'}
[0m01:37:08.423122 [debug] [MainThread]: Tracking: tracking
[0m01:37:08.423465 [debug] [MainThread]: Sending event: {'category': 'dbt', 'action': 'invocation', 'label': 'start', 'context': [<snowplow_tracker.self_describing_json.SelfDescribingJson object at 0x7fa5408e1100>, <snowplow_tracker.self_describing_json.SelfDescribingJson object at 0x7fa5408e1df0>, <snowplow_tracker.self_describing_json.SelfDescribingJson object at 0x7fa5408e1d00>]}
[0m01:37:08.432628 [debug] [MainThread]: checksum: 170d819e8a7f11e09c497566dd7f61e1355cb9fb514921503937b951cb4a2250, vars: {}, profile: None, target: None, version: 1.4.4
[0m01:37:08.433087 [info ] [MainThread]: Unable to do partial parsing because saved manifest not found. Starting full parse.
[0m01:37:08.433321 [debug] [MainThread]: Sending event: {'category': 'dbt', 'action': 'partial_parser', 'label': '90cfd1a4-604e-4a11-af07-9340be148315', 'context': [<snowplow_tracker.self_describing_json.SelfDescribingJson object at 0x7fa5408e17f0>]}
[0m01:37:08.864640 [warn ] [MainThread]: [[33mWARNING[0m]: Configuration paths exist in your dbt_project.yml file which do not apply to any resources.
There are 1 unused configuration paths:
- models.my_new_project.example
[0m01:37:08.868368 [debug] [MainThread]: Sending event: {'category': 'dbt', 'action': 'load_project', 'label': '90cfd1a4-604e-4a11-af07-9340be148315', 'context': [<snowplow_tracker.self_describing_json.SelfDescribingJson object at 0x7fa548d810d0>]}
[0m01:37:08.872107 [debug] [MainThread]: Sending event: {'category': 'dbt', 'action': 'resource_counts', 'label': '90cfd1a4-604e-4a11-af07-9340be148315', 'context': [<snowplow_tracker.self_describing_json.SelfDescribingJson object at 0x7fa5408e13d0>]}
[0m01:37:08.872373 [info ] [MainThread]: Found 0 models, 0 tests, 0 snapshots, 0 analyses, 304 macros, 0 operations, 0 seed files, 0 sources, 0 exposures, 0 metrics
[0m01:37:08.872585 [debug] [MainThread]: Sending event: {'category': 'dbt', 'action': 'runnable_timing', 'label': '90cfd1a4-604e-4a11-af07-9340be148315', 'context': [<snowplow_tracker.self_describing_json.SelfDescribingJson object at 0x7fa548d788b0>]}
[0m01:37:08.873401 [info ] [MainThread]: 
[0m01:37:08.873754 [warn ] [MainThread]: Nothing to do. Try checking your model configs and model specification args
[0m01:37:08.874013 [debug] [MainThread]: Command end result
[0m01:37:08.877467 [debug] [MainThread]: Sending event: {'category': 'dbt', 'action': 'invocation', 'label': 'end', 'context': [<snowplow_tracker.self_describing_json.SelfDescribingJson object at 0x7fa5408d7a00>, <snowplow_tracker.self_describing_json.SelfDescribingJson object at 0x7fa560440910>, <snowplow_tracker.self_describing_json.SelfDescribingJson object at 0x7fa560440a30>]}
[0m01:37:08.877645 [debug] [MainThread]: Flushing usage events


============================== 2023-04-30 22:27:32.462345 | adaa7544-6fa0-40a5-a383-6cbe35feb4a2 ==============================
[0m22:27:32.462345 [info ] [MainThread]: Running with dbt=1.4.4
[0m22:27:32.463390 [debug] [MainThread]: running dbt with arguments {'write_json': True, 'use_colors': True, 'printer_width': 80, 'version_check': True, 'partial_parse': True, 'static_parser': True, 'profiles_dir': '/Users/ericjames/.dbt', 'send_anonymous_usage_stats': True, 'quiet': False, 'no_print': False, 'cache_selected_only': False, 'config_dir': False, 'which': 'debug', 'indirect_selection': 'eager'}
[0m22:27:32.463550 [debug] [MainThread]: Tracking: tracking
[0m22:27:32.481601 [debug] [MainThread]: Sending event: {'category': 'dbt', 'action': 'invocation', 'label': 'start', 'context': [<snowplow_tracker.self_describing_json.SelfDescribingJson object at 0x7fb0289ec6d0>, <snowplow_tracker.self_describing_json.SelfDescribingJson object at 0x7fb0289db880>, <snowplow_tracker.self_describing_json.SelfDescribingJson object at 0x7fb0289dbd60>]}
[0m22:27:32.942751 [debug] [MainThread]: Executing "git --help"
[0m22:27:32.955012 [debug] [MainThread]: STDOUT: "b"usage: git [-v | --version] [-h | --help] [-C <path>] [-c <name>=<value>]\n           [--exec-path[=<path>]] [--html-path] [--man-path] [--info-path]\n           [-p | --paginate | -P | --no-pager] [--no-replace-objects] [--bare]\n           [--git-dir=<path>] [--work-tree=<path>] [--namespace=<name>]\n           [--super-prefix=<path>] [--config-env=<name>=<envvar>]\n           <command> [<args>]\n\nThese are common Git commands used in various situations:\n\nstart a working area (see also: git help tutorial)\n   clone     Clone a repository into a new directory\n   init      Create an empty Git repository or reinitialize an existing one\n\nwork on the current change (see also: git help everyday)\n   add       Add file contents to the index\n   mv        Move or rename a file, a directory, or a symlink\n   restore   Restore working tree files\n   rm        Remove files from the working tree and from the index\n\nexamine the history and state (see also: git help revisions)\n   bisect    Use binary search to find the commit that introduced a bug\n   diff      Show changes between commits, commit and working tree, etc\n   grep      Print lines matching a pattern\n   log       Show commit logs\n   show      Show various types of objects\n   status    Show the working tree status\n\ngrow, mark and tweak your common history\n   branch    List, create, or delete branches\n   commit    Record changes to the repository\n   merge     Join two or more development histories together\n   rebase    Reapply commits on top of another base tip\n   reset     Reset current HEAD to the specified state\n   switch    Switch branches\n   tag       Create, list, delete or verify a tag object signed with GPG\n\ncollaborate (see also: git help workflows)\n   fetch     Download objects and refs from another repository\n   pull      Fetch from and integrate with another repository or a local branch\n   push      Update remote refs along with associated objects\n\n'git help -a' and 'git help -g' list available subcommands and some\nconcept guides. See 'git help <command>' or 'git help <concept>'\nto read about a specific subcommand or concept.\nSee 'git help git' for an overview of the system.\n""
[0m22:27:32.955686 [debug] [MainThread]: STDERR: "b''"
[0m22:27:32.997856 [debug] [MainThread]: Acquiring new snowflake connection 'debug'
[0m22:27:32.999028 [debug] [MainThread]: Using snowflake connection "debug"
[0m22:27:32.999218 [debug] [MainThread]: On debug: select 1 as id
[0m22:27:32.999764 [debug] [MainThread]: Opening a new connection, currently in state init
[0m22:27:34.062506 [debug] [MainThread]: SQL status: SUCCESS 1 in 1 seconds
[0m22:27:34.065818 [debug] [MainThread]: On debug: Close
[0m22:27:34.182489 [debug] [MainThread]: Sending event: {'category': 'dbt', 'action': 'invocation', 'label': 'end', 'context': [<snowplow_tracker.self_describing_json.SelfDescribingJson object at 0x7fb01a572e20>, <snowplow_tracker.self_describing_json.SelfDescribingJson object at 0x7fb01a58ac40>, <snowplow_tracker.self_describing_json.SelfDescribingJson object at 0x7fb01a3de880>]}
[0m22:27:34.183291 [debug] [MainThread]: Flushing usage events
[0m22:27:34.323019 [debug] [MainThread]: Connection 'debug' was properly closed.


============================== 2023-04-30 23:42:31.747917 | ea57e6e1-3833-4c96-865a-06e788e78eb4 ==============================
[0m23:42:31.747917 [info ] [MainThread]: Running with dbt=1.4.4
[0m23:42:31.749039 [debug] [MainThread]: running dbt with arguments {'write_json': True, 'use_colors': True, 'printer_width': 80, 'version_check': True, 'partial_parse': True, 'static_parser': True, 'profiles_dir': '/Users/ericjames/.dbt', 'send_anonymous_usage_stats': True, 'quiet': False, 'no_print': False, 'cache_selected_only': False, 'config_dir': False, 'which': 'debug', 'indirect_selection': 'eager'}
[0m23:42:31.749189 [debug] [MainThread]: Tracking: tracking
[0m23:42:31.770853 [debug] [MainThread]: Sending event: {'category': 'dbt', 'action': 'invocation', 'label': 'start', 'context': [<snowplow_tracker.self_describing_json.SelfDescribingJson object at 0x7fd2826c50d0>, <snowplow_tracker.self_describing_json.SelfDescribingJson object at 0x7fd280d5cfa0>, <snowplow_tracker.self_describing_json.SelfDescribingJson object at 0x7fd280d5cfd0>]}
[0m23:42:32.570291 [debug] [MainThread]: Executing "git --help"
[0m23:42:32.579481 [debug] [MainThread]: STDOUT: "b"usage: git [-v | --version] [-h | --help] [-C <path>] [-c <name>=<value>]\n           [--exec-path[=<path>]] [--html-path] [--man-path] [--info-path]\n           [-p | --paginate | -P | --no-pager] [--no-replace-objects] [--bare]\n           [--git-dir=<path>] [--work-tree=<path>] [--namespace=<name>]\n           [--super-prefix=<path>] [--config-env=<name>=<envvar>]\n           <command> [<args>]\n\nThese are common Git commands used in various situations:\n\nstart a working area (see also: git help tutorial)\n   clone     Clone a repository into a new directory\n   init      Create an empty Git repository or reinitialize an existing one\n\nwork on the current change (see also: git help everyday)\n   add       Add file contents to the index\n   mv        Move or rename a file, a directory, or a symlink\n   restore   Restore working tree files\n   rm        Remove files from the working tree and from the index\n\nexamine the history and state (see also: git help revisions)\n   bisect    Use binary search to find the commit that introduced a bug\n   diff      Show changes between commits, commit and working tree, etc\n   grep      Print lines matching a pattern\n   log       Show commit logs\n   show      Show various types of objects\n   status    Show the working tree status\n\ngrow, mark and tweak your common history\n   branch    List, create, or delete branches\n   commit    Record changes to the repository\n   merge     Join two or more development histories together\n   rebase    Reapply commits on top of another base tip\n   reset     Reset current HEAD to the specified state\n   switch    Switch branches\n   tag       Create, list, delete or verify a tag object signed with GPG\n\ncollaborate (see also: git help workflows)\n   fetch     Download objects and refs from another repository\n   pull      Fetch from and integrate with another repository or a local branch\n   push      Update remote refs along with associated objects\n\n'git help -a' and 'git help -g' list available subcommands and some\nconcept guides. See 'git help <command>' or 'git help <concept>'\nto read about a specific subcommand or concept.\nSee 'git help git' for an overview of the system.\n""
[0m23:42:32.580270 [debug] [MainThread]: STDERR: "b''"
[0m23:42:32.589875 [debug] [MainThread]: Acquiring new snowflake connection 'debug'
[0m23:42:32.590700 [debug] [MainThread]: Using snowflake connection "debug"
[0m23:42:32.590859 [debug] [MainThread]: On debug: select 1 as id
[0m23:42:32.591364 [debug] [MainThread]: Opening a new connection, currently in state init
[0m23:42:33.314561 [debug] [MainThread]: SQL status: SUCCESS 1 in 1 seconds
[0m23:42:33.318583 [debug] [MainThread]: On debug: Close
[0m23:42:33.430844 [debug] [MainThread]: Sending event: {'category': 'dbt', 'action': 'invocation', 'label': 'end', 'context': [<snowplow_tracker.self_describing_json.SelfDescribingJson object at 0x7fd270618d30>, <snowplow_tracker.self_describing_json.SelfDescribingJson object at 0x7fd2705f3af0>, <snowplow_tracker.self_describing_json.SelfDescribingJson object at 0x7fd2705d98b0>]}
[0m23:42:33.431687 [debug] [MainThread]: Flushing usage events
[0m23:42:33.534671 [debug] [MainThread]: Connection 'debug' was properly closed.
